android/app/build/outputs/logs/manifest-merger-release-report.txt
-- Merging decision tree log ---
manifest
ADDED from src\main\AndroidManifest.xml:1:1-83:12
INJECTED from src\main\AndroidManifest.xml:1:1-83:12
INJECTED from src\main\AndroidManifest.xml:1:1-83:12
INJECTED from src\main\AndroidManifest.xml:1:1-83:12
MERGED from [:react-native-image-picker] AndroidManifest.xml:2:1-23:12
MERGED from [:react-native-document-picker] AndroidManifest.xml:2:1-11:12
MERGED from [:react-native-fcm] AndroidManifest.xml:2:1-11:12
MERGED from [:react-native-vector-icons] AndroidManifest.xml:2:1-11:12
MERGED from [:rn-fetch-blob] AndroidManifest.xml:2:1-47:12
MERGED from [com.google.firebase:firebase-messaging:15.0.2] AndroidManifest.xml:17:1-37:12
MERGED from [com.google.firebase:firebase-core:15.0.2] AndroidManifest.xml:2:1-9:12
MERGED from [com.facebook.react:react-native:0.55.3] AndroidManifest.xml:2:1-15:12
MERGED from [com.android.support:appcompat-v7:27.1.1] AndroidManifest.xml:17:1-22:12
MERGED from [me.leolin:ShortcutBadger:1.1.17] AndroidManifest.xml:2:1-52:12
MERGED from [com.google.firebase:firebase-measurement-connector-impl:15.0.0] AndroidManifest.xml:17:1-34:12
MERGED from [com.google.firebase:firebase-analytics:15.0.2] AndroidManifest.xml:17:1-55:12
MERGED from [com.google.firebase:firebase-analytics-impl:15.0.2] AndroidManifest.xml:17:1-41:12
MERGED from [com.google.firebase:firebase-iid:15.1.0] AndroidManifest.xml:17:1-65:12
MERGED from [com.google.android.gms:play-services-stats:15.0.1] AndroidManifest.xml:2:1-9:12
MERGED from [com.google.firebase:firebase-common:15.0.1] AndroidManifest.xml:2:1-15:12
MERGED from [com.google.firebase:firebase-measurement-connector:15.0.0] AndroidManifest.xml:17:1-25:12
MERGED from [com.google.android.gms:play-services-ads-identifier:15.0.1] AndroidManifest.xml:17:1-24:12
MERGED from [com.google.firebase:firebase-iid-interop:15.0.0] AndroidManifest.xml:2:1-10:12
MERGED from [com.google.android.gms:play-services-base:15.0.1] AndroidManifest.xml:17:1-29:12
MERGED from [com.google.android.gms:play-services-tasks:15.0.1] AndroidManifest.xml:2:1-9:12
MERGED from [com.google.android.gms:play-services-basement:15.0.1] AndroidManifest.xml:17:1-28:12
MERGED from [com.android.support:support-v4:26.1.0] AndroidManifest.xml:17:1-31:12
MERGED from [com.android.support:support-fragment:27.1.1] AndroidManifest.xml:17:1-22:12
MERGED from [com.android.support:animated-vector-drawable:27.1.1] AndroidManifest.xml:17:1-22:12
MERGED from [com.android.support:support-core-ui:27.1.1] AndroidManifest.xml:17:1-22:12
MERGED from [com.android.support:support-core-utils:27.1.1] AndroidManifest.xml:17:1-22:12
MERGED from [com.android.support:support-media-compat:26.1.0] AndroidManifest.xml:17:1-31:12
MERGED from [com.android.support:support-vector-drawable:27.1.1] AndroidManifest.xml:17:1-22:12
MERGED from [com.android.support:support-compat:27.1.1] AndroidManifest.xml:17:1-22:12
MERGED from [com.facebook.fbui.textlayoutbuilder:textlayoutbuilder:1.0.0] AndroidManifest.xml:10:1-18:12
MERGED from [com.facebook.fresco:fresco:1.3.0] AndroidManifest.xml:2:1-9:12
MERGED from [com.facebook.fresco:imagepipeline-okhttp3:1.3.0] AndroidManifest.xml:2:1-9:12
MERGED from [com.facebook.soloader:soloader:0.1.0] AndroidManifest.xml:1:1-4:12
MERGED from [org.webkit:android-jsc:r174650] AndroidManifest.xml:1:1-3:12
MERGED from [com.facebook.fresco:drawee:1.3.0] AndroidManifest.xml:2:1-9:12
MERGED from [com.facebook.fresco:imagepipeline:1.3.0] AndroidManifest.xml:2:1-9:12
MERGED from [com.facebook.fresco:imagepipeline-base:1.3.0] AndroidManifest.xml:2:1-9:12
MERGED from [com.facebook.fresco:fbcore:1.3.0] AndroidManifest.xml:2:1-9:12
MERGED from [com.google.android.gms:play-services-measurement-base:15.0.2] AndroidManifest.xml:17:1-24:12
MERGED from [android.arch.lifecycle:runtime:1.1.0] AndroidManifest.xml:17:1-22:12
MERGED from [android.arch.lifecycle:livedata-core:1.1.0] AndroidManifest.xml:17:1-22:12
MERGED from [android.arch.core:runtime:1.1.0] AndroidManifest.xml:17:1-22:12
MERGED from [android.arch.lifecycle:viewmodel:1.1.0] AndroidManifest.xml:17:1-22:12
INJECTED from src\main\AndroidManifest.xml:1:1-83:12
INJECTED from src\main\AndroidManifest.xml:1:1-83:12
INJECTED from src\main\AndroidManifest.xml:1:1-83:12
	package
		ADDED from src\main\AndroidManifest.xml:3:5-29
		INJECTED from src\main\AndroidManifest.xml
		INJECTED from src\main\AndroidManifest.xml
	android:versionName
		ADDED from src\main\AndroidManifest.xml:5:5-30
		INJECTED from src\main\AndroidManifest.xml
		INJECTED from src\main\AndroidManifest.xml
	xmlns:tools
		ADDED from src\main\AndroidManifest.xml:2:5-51
	xmlns:android
		ADDED from src\main\AndroidManifest.xml:1:11-69
	android:versionCode
		ADDED from src\main\AndroidManifest.xml:4:5-28
		INJECTED from src\main\AndroidManifest.xml
		INJECTED from src\main\AndroidManifest.xml
uses-sdk
ADDED from src\main\AndroidManifest.xml:7:5-74
INJECTED from src\main\AndroidManifest.xml:7:5-74
INJECTED from src\main\AndroidManifest.xml:7:5-74
MERGED from [:react-native-image-picker] AndroidManifest.xml:7:5-9:41
MERGED from [:react-native-image-picker] AndroidManifest.xml:7:5-9:41
MERGED from [:react-native-document-picker] AndroidManifest.xml:7:5-9:41
MERGED from [:react-native-document-picker] AndroidManifest.xml:7:5-9:41
MERGED from [:react-native-fcm] AndroidManifest.xml:7:5-9:41
MERGED from [:react-native-fcm] AndroidManifest.xml:7:5-9:41
MERGED from [:react-native-vector-icons] AndroidManifest.xml:7:5-9:41
MERGED from [:react-native-vector-icons] AndroidManifest.xml:7:5-9:41
MERGED from [:rn-fetch-blob] AndroidManifest.xml:7:5-9:41
MERGED from [:rn-fetch-blob] AndroidManifest.xml:7:5-9:41
MERGED from [com.google.firebase:firebase-messaging:15.0.2] AndroidManifest.xml:20:5-44
MERGED from [com.google.firebase:firebase-messaging:15.0.2] AndroidManifest.xml:20:5-44
MERGED from [com.google.firebase:firebase-core:15.0.2] AndroidManifest.xml:5:5-44
MERGED from [com.google.firebase:firebase-core:15.0.2] AndroidManifest.xml:5:5-44
MERGED from [com.facebook.react:react-native:0.55.3] AndroidManifest.xml:7:5-9:41
MERGED from [com.facebook.react:react-native:0.55.3] AndroidManifest.xml:7:5-9:41
MERGED from [com.android.support:appcompat-v7:27.1.1] AndroidManifest.xml:20:5-44
MERGED from [com.android.support:appcompat-v7:27.1.1] AndroidManifest.xml:20:5-44
MERGED from [me.leolin:ShortcutBadger:1.1.17] AndroidManifest.xml:7:5-9:41
MERGED from [me.leolin:ShortcutBadger:1.1.17] AndroidManifest.xml:7:5-9:41
MERGED from [com.google.firebase:firebase-measurement-connector-impl:15.0.0] AndroidManifest.xml:20:5-44
MERGED from [com.google.firebase:firebase-measurement-connector-impl:15.0.0] AndroidManifest.xml:20:5-44
MERGED from [com.google.firebase:firebase-analytics:15.0.2] AndroidManifest.xml:20:5-44
MERGED from [com.google.firebase:firebase-analytics:15.0.2] AndroidManifest.xml:20:5-44
MERGED from [com.google.firebase:firebase-analytics-impl:15.0.2] AndroidManifest.xml:20:5-44
MERGED from [com.google.firebase:firebase-analytics-impl:15.0.2] AndroidManifest.xml:20:5-44
MERGED from [com.google.firebase:firebase-iid:15.1.0] AndroidManifest.xml:20:5-44
MERGED from [com.google.firebase:firebase-iid:15.1.0] AndroidManifest.xml:20:5-44
MERGED from [com.google.android.gms:play-services-stats:15.0.1] AndroidManifest.xml:5:5-44
MERGED from [com.google.android.gms:play-services-stats:15.0.1] AndroidManifest.xml:5:5-44
MERGED from [com.google.firebase:firebase-common:15.0.1] AndroidManifest.xml:5:5-44
MERGED from [com.google.firebase:firebase-common:15.0.1] AndroidManifest.xml:5:5-44
MERGED from [com.google.firebase:firebase-measurement-connector:15.0.0] AndroidManifest.xml:20:5-44
MERGED from [com.google.firebase:firebase-measurement-connector:15.0.0] AndroidManifest.xml:20:5-44
MERGED from [com.google.android.gms:play-services-ads-identifier:15.0.1] AndroidManifest.xml:20:5-44
MERGED from [com.google.android.gms:play-services-ads-identifier:15.0.1] AndroidManifest.xml:20:5-44
MERGED from [com.google.firebase:firebase-iid-interop:15.0.0] AndroidManifest.xml:5:5-44
MERGED from [com.google.firebase:firebase-iid-interop:15.0.0] AndroidManifest.xml:5:5-44
MERGED from [com.google.android.gms:play-services-base:15.0.1] AndroidManifest.xml:20:5-44
MERGED from [com.google.android.gms:play-services-base:15.0.1] AndroidManifest.xml:20:5-44
MERGED from [com.google.android.gms:play-services-tasks:15.0.1] AndroidManifest.xml:5:5-44
MERGED from [com.google.android.gms:play-services-tasks:15.0.1] AndroidManifest.xml:5:5-44
MERGED from [com.google.android.gms:play-services-basement:15.0.1] AndroidManifest.xml:20:5-44
MERGED from [com.google.android.gms:play-services-basement:15.0.1] AndroidManifest.xml:20:5-44
MERGED from [com.android.support:support-v4:26.1.0] AndroidManifest.xml:21:5-23:54
MERGED from [com.android.support:support-v4:26.1.0] AndroidManifest.xml:21:5-23:54
MERGED from [com.android.support:support-fragment:27.1.1] AndroidManifest.xml:20:5-44
MERGED from [com.android.support:support-fragment:27.1.1] AndroidManifest.xml:20:5-44
MERGED from [com.android.support:animated-vector-drawable:27.1.1] AndroidManifest.xml:20:5-44
MERGED from [com.android.support:animated-vector-drawable:27.1.1] AndroidManifest.xml:20:5-44
MERGED from [com.android.support:support-core-ui:27.1.1] AndroidManifest.xml:20:5-44
MERGED from [com.android.support:support-core-ui:27.1.1] AndroidManifest.xml:20:5-44
MERGED from [com.android.support:support-core-utils:27.1.1] AndroidManifest.xml:20:5-44
MERGED from [com.android.support:support-core-utils:27.1.1] AndroidManifest.xml:20:5-44
MERGED from [com.android.support:support-media-compat:26.1.0] AndroidManifest.xml:21:5-23:63
MERGED from [com.android.support:support-media-compat:26.1.0] AndroidManifest.xml:21:5-23:63
MERGED from [com.android.support:support-vector-drawable:27.1.1] AndroidManifest.xml:20:5-44
MERGED from [com.android.support:support-vector-drawable:27.1.1] AndroidManifest.xml:20:5-44
MERGED from [com.android.support:support-compat:27.1.1] AndroidManifest.xml:20:5-44
MERGED from [com.android.support:support-compat:27.1.1] AndroidManifest.xml:20:5-44
MERGED from [com.facebook.fbui.textlayoutbuilder:textlayoutbuilder:1.0.0] AndroidManifest.xml:14:5-16:41
MERGED from [com.facebook.fbui.textlayoutbuilder:textlayoutbuilder:1.0.0] AndroidManifest.xml:14:5-16:41
MERGED from [com.facebook.fresco:fresco:1.3.0] AndroidManifest.xml:5:5-7:41
MERGED from [com.facebook.fresco:fresco:1.3.0] AndroidManifest.xml:5:5-7:41
MERGED from [com.facebook.fresco:imagepipeline-okhttp3:1.3.0] AndroidManifest.xml:5:5-7:41
MERGED from [com.facebook.fresco:imagepipeline-okhttp3:1.3.0] AndroidManifest.xml:5:5-7:41
MERGED from [com.facebook.soloader:soloader:0.1.0] AndroidManifest.xml:2:3-70
MERGED from [com.facebook.soloader:soloader:0.1.0] AndroidManifest.xml:2:3-70
MERGED from [com.facebook.fresco:drawee:1.3.0] AndroidManifest.xml:5:5-7:41
MERGED from [com.facebook.fresco:drawee:1.3.0] AndroidManifest.xml:5:5-7:41
MERGED from [com.facebook.fresco:imagepipeline:1.3.0] AndroidManifest.xml:5:5-7:41
MERGED from [com.facebook.fresco:imagepipeline:1.3.0] AndroidManifest.xml:5:5-7:41
MERGED from [com.facebook.fresco:imagepipeline-base:1.3.0] AndroidManifest.xml:5:5-7:41
MERGED from [com.facebook.fresco:imagepipeline-base:1.3.0] AndroidManifest.xml:5:5-7:41
MERGED from [com.facebook.fresco:fbcore:1.3.0] AndroidManifest.xml:5:5-7:41
MERGED from [com.facebook.fresco:fbcore:1.3.0] AndroidManifest.xml:5:5-7:41
MERGED from [com.google.android.gms:play-services-measurement-base:15.0.2] AndroidManifest.xml:20:5-44
MERGED from [com.google.android.gms:play-services-measurement-base:15.0.2] AndroidManifest.xml:20:5-44
MERGED from [android.arch.lifecycle:runtime:1.1.0] AndroidManifest.xml:20:5-44
MERGED from [android.arch.lifecycle:runtime:1.1.0] AndroidManifest.xml:20:5-44
MERGED from [android.arch.lifecycle:livedata-core:1.1.0] AndroidManifest.xml:20:5-44
MERGED from [android.arch.lifecycle:livedata-core:1.1.0] AndroidManifest.xml:20:5-44
MERGED from [android.arch.core:runtime:1.1.0] AndroidManifest.xml:20:5-44
MERGED from [android.arch.core:runtime:1.1.0] AndroidManifest.xml:20:5-44
MERGED from [android.arch.lifecycle:viewmodel:1.1.0] AndroidManifest.xml:20:5-44
MERGED from [android.arch.lifecycle:viewmodel:1.1.0] AndroidManifest.xml:20:5-44
INJECTED from src\main\AndroidManifest.xml:7:5-74
INJECTED from src\main\AndroidManifest.xml:7:5-74
	tools:overrideLibrary
		ADDED from [com.android.support:support-v4:26.1.0] AndroidManifest.xml:23:9-51
	android:targetSdkVersion
		ADDED from src\main\AndroidManifest.xml:7:42-71
		INJECTED from src\main\AndroidManifest.xml
		INJECTED from src\main\AndroidManifest.xml
	android:minSdkVersion
		ADDED from src\main\AndroidManifest.xml:7:15-41
		INJECTED from src\main\AndroidManifest.xml
		INJECTED from src\main\AndroidManifest.xml
uses-permission#android.permission.INTERNET
ADDED from src\main\AndroidManifest.xml:9:5-67
MERGED from [:rn-fetch-blob] AndroidManifest.xml:15:5-67
MERGED from [:rn-fetch-blob] AndroidManifest.xml:15:5-67
MERGED from [com.google.firebase:firebase-measurement-connector-impl:15.0.0] AndroidManifest.xml:22:5-67
MERGED from [com.google.firebase:firebase-measurement-connector-impl:15.0.0] AndroidManifest.xml:22:5-67
MERGED from [com.google.firebase:firebase-analytics:15.0.2] AndroidManifest.xml:23:5-67
MERGED from [com.google.firebase:firebase-analytics:15.0.2] AndroidManifest.xml:23:5-67
MERGED from [com.google.firebase:firebase-analytics-impl:15.0.2] AndroidManifest.xml:23:5-67
MERGED from [com.google.firebase:firebase-analytics-impl:15.0.2] AndroidManifest.xml:23:5-67
MERGED from [com.google.firebase:firebase-iid:15.1.0] AndroidManifest.xml:23:5-67
MERGED from [com.google.firebase:firebase-iid:15.1.0] AndroidManifest.xml:23:5-67
	android:name
		ADDED from src\main\AndroidManifest.xml:9:22-64
uses-permission#android.permission.WRITE_EXTERNAL_STORAGE
ADDED from src\main\AndroidManifest.xml:10:5-81
MERGED from [:rn-fetch-blob] AndroidManifest.xml:33:5-81
MERGED from [:rn-fetch-blob] AndroidManifest.xml:33:5-81
	android:name
		ADDED from src\main\AndroidManifest.xml:10:22-78
uses-permission#android.permission.ACCESS_NETWORK_STATE
ADDED from src\main\AndroidManifest.xml:13:5-79
MERGED from [:rn-fetch-blob] AndroidManifest.xml:27:5-79
MERGED from [:rn-fetch-blob] AndroidManifest.xml:27:5-79
MERGED from [com.google.firebase:firebase-measurement-connector-impl:15.0.0] AndroidManifest.xml:23:5-79
MERGED from [com.google.firebase:firebase-measurement-connector-impl:15.0.0] AndroidManifest.xml:23:5-79
MERGED from [com.google.firebase:firebase-analytics:15.0.2] AndroidManifest.xml:24:5-79
MERGED from [com.google.firebase:firebase-analytics:15.0.2] AndroidManifest.xml:24:5-79
MERGED from [com.google.firebase:firebase-analytics-impl:15.0.2] AndroidManifest.xml:24:5-79
MERGED from [com.google.firebase:firebase-analytics-impl:15.0.2] AndroidManifest.xml:24:5-79
MERGED from [com.google.firebase:firebase-iid:15.1.0] AndroidManifest.xml:22:5-79
MERGED from [com.google.firebase:firebase-iid:15.1.0] AndroidManifest.xml:22:5-79
	android:name
		ADDED from src\main\AndroidManifest.xml:13:22-76
uses-permission#android.permission.SYSTEM_ALERT_WINDOW
ADDED from src\main\AndroidManifest.xml:14:5-77
MERGED from [com.facebook.react:react-native:0.55.3] AndroidManifest.xml:11:5-78
MERGED from [com.facebook.react:react-native:0.55.3] AndroidManifest.xml:11:5-78
	android:name
		ADDED from src\main\AndroidManifest.xml:14:22-75
uses-permission#android.permission.RECEIVE_BOOT_COMPLETED
ADDED from src\main\AndroidManifest.xml:17:5-81
	android:name
		ADDED from src\main\AndroidManifest.xml:17:22-78
uses-permission#android.permission.VIBRATE
ADDED from src\main\AndroidManifest.xml:18:5-66
	android:name
		ADDED from src\main\AndroidManifest.xml:18:22-63
uses-permission#android.permission.READ_EXTERNAL_STORAGE
ADDED from src\main\AndroidManifest.xml:22:5-80
	android:name
		ADDED from src\main\AndroidManifest.xml:22:22-77
uses-permission#android.permission.DOWNLOAD_WITHOUT_NOTIFICATION
ADDED from src\main\AndroidManifest.xml:24:5-88
	android:name
		ADDED from src\main\AndroidManifest.xml:24:22-85
application
ADDED from src\main\AndroidManifest.xml:29:5-81:19
MERGED from [:react-native-image-picker] AndroidManifest.xml:11:5-21:19
MERGED from [:react-native-image-picker] AndroidManifest.xml:11:5-21:19
MERGED from [:rn-fetch-blob] AndroidManifest.xml:35:5-45:19
MERGED from [:rn-fetch-blob] AndroidManifest.xml:35:5-45:19
MERGED from [com.google.firebase:firebase-messaging:15.0.2] AndroidManifest.xml:22:5-35:19
MERGED from [com.google.firebase:firebase-messaging:15.0.2] AndroidManifest.xml:22:5-35:19
MERGED from [com.google.firebase:firebase-core:15.0.2] AndroidManifest.xml:7:5-20
MERGED from [com.google.firebase:firebase-core:15.0.2] AndroidManifest.xml:7:5-20
MERGED from [com.facebook.react:react-native:0.55.3] AndroidManifest.xml:13:5-20
MERGED from [com.facebook.react:react-native:0.55.3] AndroidManifest.xml:13:5-20
MERGED from [com.google.firebase:firebase-measurement-connector-impl:15.0.0] AndroidManifest.xml:26:5-32:19
MERGED from [com.google.firebase:firebase-measurement-connector-impl:15.0.0] AndroidManifest.xml:26:5-32:19
MERGED from [com.google.firebase:firebase-analytics:15.0.2] AndroidManifest.xml:28:5-53:19
MERGED from [com.google.firebase:firebase-analytics:15.0.2] AndroidManifest.xml:28:5-53:19
MERGED from [com.google.firebase:firebase-analytics-impl:15.0.2] AndroidManifest.xml:28:5-39:19
MERGED from [com.google.firebase:firebase-analytics-impl:15.0.2] AndroidManifest.xml:28:5-39:19
MERGED from [com.google.firebase:firebase-iid:15.1.0] AndroidManifest.xml:34:5-63:19
MERGED from [com.google.firebase:firebase-iid:15.1.0] AndroidManifest.xml:34:5-63:19
MERGED from [com.google.android.gms:play-services-stats:15.0.1] AndroidManifest.xml:7:5-20
MERGED from [com.google.android.gms:play-services-stats:15.0.1] AndroidManifest.xml:7:5-20
MERGED from [com.google.firebase:firebase-common:15.0.1] AndroidManifest.xml:7:5-13:19
MERGED from [com.google.firebase:firebase-common:15.0.1] AndroidManifest.xml:7:5-13:19
MERGED from [com.google.firebase:firebase-measurement-connector:15.0.0] AndroidManifest.xml:22:5-23:19
MERGED from [com.google.firebase:firebase-measurement-connector:15.0.0] AndroidManifest.xml:22:5-23:19
MERGED from [com.google.android.gms:play-services-ads-identifier:15.0.1] AndroidManifest.xml:22:5-20
MERGED from [com.google.android.gms:play-services-ads-identifier:15.0.1] AndroidManifest.xml:22:5-20
MERGED from [com.google.firebase:firebase-iid-interop:15.0.0] AndroidManifest.xml:7:5-8:19
MERGED from [com.google.firebase:firebase-iid-interop:15.0.0] AndroidManifest.xml:7:5-8:19
MERGED from [com.google.android.gms:play-services-base:15.0.1] AndroidManifest.xml:22:5-27:19
MERGED from [com.google.android.gms:play-services-base:15.0.1] AndroidManifest.xml:22:5-27:19
MERGED from [com.google.android.gms:play-services-tasks:15.0.1] AndroidManifest.xml:7:5-20
MERGED from [com.google.android.gms:play-services-tasks:15.0.1] AndroidManifest.xml:7:5-20
MERGED from [com.google.android.gms:play-services-basement:15.0.1] AndroidManifest.xml:22:5-26:19
MERGED from [com.google.android.gms:play-services-basement:15.0.1] AndroidManifest.xml:22:5-26:19
MERGED from [com.android.support:support-v4:26.1.0] AndroidManifest.xml:25:5-29:19
MERGED from [com.android.support:support-v4:26.1.0] AndroidManifest.xml:25:5-29:19
MERGED from [com.android.support:support-media-compat:26.1.0] AndroidManifest.xml:25:5-29:19
MERGED from [com.android.support:support-media-compat:26.1.0] AndroidManifest.xml:25:5-29:19
MERGED from [com.facebook.soloader:soloader:0.1.0] AndroidManifest.xml:3:3-17
MERGED from [com.facebook.soloader:soloader:0.1.0] AndroidManifest.xml:3:3-17
MERGED from [org.webkit:android-jsc:r174650] AndroidManifest.xml:2:3-17
MERGED from [org.webkit:android-jsc:r174650] AndroidManifest.xml:2:3-17
MERGED from [com.google.android.gms:play-services-measurement-base:15.0.2] AndroidManifest.xml:22:5-20
MERGED from [com.google.android.gms:play-services-measurement-base:15.0.2] AndroidManifest.xml:22:5-20
	android:label
		ADDED from src\main\AndroidManifest.xml:31:7-39
	android:icon
		ADDED from src\main\AndroidManifest.xml:32:7-41
	android:allowBackup
		ADDED from src\main\AndroidManifest.xml:33:7-34
	android:theme
		ADDED from src\main\AndroidManifest.xml:34:7-38
	android:name
		ADDED from src\main\AndroidManifest.xml:30:7-38
receiver#com.evollu.react.fcm.FIRLocalMessagingPublisher
ADDED from src\main\AndroidManifest.xml:37:7-81
	android:name
		ADDED from src\main\AndroidManifest.xml:37:17-79
receiver#com.evollu.react.fcm.FIRSystemBootEventReceiver
ADDED from src\main\AndroidManifest.xml:38:7-45:18
	android:enabled
		ADDED from src\main\AndroidManifest.xml:38:17-39
	android:exported
		ADDED from src\main\AndroidManifest.xml:38:40-63
	android:name
		ADDED from src\main\AndroidManifest.xml:38:65-127
intent-filter#action:name:android.intent.action.BOOT_COMPLETED+action:name:android.intent.action.QUICKBOOT_POWERON+action:name:com.htc.intent.action.QUICKBOOT_POWERON+category:name:android.intent.category.DEFAULT
ADDED from src\main\AndroidManifest.xml:39:9-44:25
action#android.intent.action.BOOT_COMPLETED
ADDED from src\main\AndroidManifest.xml:40:11-72
	android:name
		ADDED from src\main\AndroidManifest.xml:40:19-70
action#android.intent.action.QUICKBOOT_POWERON
ADDED from src\main\AndroidManifest.xml:41:11-75
	android:name
		ADDED from src\main\AndroidManifest.xml:41:19-73
action#com.htc.intent.action.QUICKBOOT_POWERON
ADDED from src\main\AndroidManifest.xml:42:11-75
	android:name
		ADDED from src\main\AndroidManifest.xml:42:19-73
category#android.intent.category.DEFAULT
ADDED from src\main\AndroidManifest.xml:43:11-70
	android:name
		ADDED from src\main\AndroidManifest.xml:43:21-67
service#com.evollu.react.fcm.MessagingService
ADDED from src\main\AndroidManifest.xml:49:7-53:17
	android:enabled
		ADDED from src\main\AndroidManifest.xml:49:69-91
	android:exported
		ADDED from src\main\AndroidManifest.xml:49:92-115
	android:name
		ADDED from src\main\AndroidManifest.xml:49:16-68
intent-filter#action:name:com.google.firebase.MESSAGING_EVENT
ADDED from src\main\AndroidManifest.xml:50:9-52:25
action#com.google.firebase.MESSAGING_EVENT
ADDED from src\main\AndroidManifest.xml:51:11-71
	android:name
		ADDED from src\main\AndroidManifest.xml:51:19-69
service#com.evollu.react.fcm.InstanceIdService
ADDED from src\main\AndroidManifest.xml:55:7-59:17
	android:exported
		ADDED from src\main\AndroidManifest.xml:55:70-94
	android:name
		ADDED from src\main\AndroidManifest.xml:55:16-69
intent-filter#action:name:com.google.firebase.INSTANCE_ID_EVENT
ADDED from src\main\AndroidManifest.xml:56:9-58:25
action#com.google.firebase.INSTANCE_ID_EVENT
ADDED from src\main\AndroidManifest.xml:57:11-73
	android:name
		ADDED from src\main\AndroidManifest.xml:57:19-71
activity#com.vanbandoji.MainActivity
ADDED from src\main\AndroidManifest.xml:61:7-79:18
	android:screenOrientation
		ADDED from src\main\AndroidManifest.xml:65:9-45
	android:label
		ADDED from src\main\AndroidManifest.xml:63:9-41
	android:launchMode
		ADDED from src\main\AndroidManifest.xml:66:9-39
	android:windowSoftInputMode
		ADDED from src\main\AndroidManifest.xml:67:9-51
	android:configChanges
		ADDED from src\main\AndroidManifest.xml:64:9-79
	android:name
		ADDED from src\main\AndroidManifest.xml:62:9-37
intent-filter#action:name:android.intent.action.DOWNLOAD_COMPLETE+action:name:android.intent.action.DOWNLOAD_COMPLETE+action:name:android.intent.action.DOWNLOAD_COMPLETE+action:name:android.intent.action.DOWNLOAD_COMPLETE+action:name:android.intent.action.MAIN+category:name:android.intent.category.LAUNCHER
ADDED from src\main\AndroidManifest.xml:68:9-78:25
action#android.intent.action.MAIN
ADDED from src\main\AndroidManifest.xml:69:13-65
	android:name
		ADDED from src\main\AndroidManifest.xml:69:21-62
category#android.intent.category.LAUNCHER
ADDED from src\main\AndroidManifest.xml:70:13-73
	android:name
		ADDED from src\main\AndroidManifest.xml:70:23-70
action#android.intent.action.DOWNLOAD_COMPLETE
ADDED from src\main\AndroidManifest.xml:71:6-70
	android:name
		ADDED from src\main\AndroidManifest.xml:71:14-68
activity#com.facebook.react.devsupport.DevSettingsActivity
ADDED from src\main\AndroidManifest.xml:80:7-84
	android:name
		ADDED from src\main\AndroidManifest.xml:80:17-81
provider#com.imagepicker.FileProvider
ADDED from [:react-native-image-picker] AndroidManifest.xml:12:9-20:20
	android:grantUriPermissions
		ADDED from [:react-native-image-picker] AndroidManifest.xml:16:13-47
	android:authorities
		ADDED from [:react-native-image-picker] AndroidManifest.xml:14:13-60
	android:exported
		ADDED from [:react-native-image-picker] AndroidManifest.xml:15:13-37
	android:name
		ADDED from [:react-native-image-picker] AndroidManifest.xml:13:13-56
meta-data#android.support.FILE_PROVIDER_PATHS
ADDED from [:react-native-image-picker] AndroidManifest.xml:17:13-19:58
	android:resource
		ADDED from [:react-native-image-picker] AndroidManifest.xml:19:17-55
	android:name
		ADDED from [:react-native-image-picker] AndroidManifest.xml:18:17-67
uses-permission#com.android.vending.CHECK_LICENSE
ADDED from [:rn-fetch-blob] AndroidManifest.xml:12:5-73
	android:name
		ADDED from [:rn-fetch-blob] AndroidManifest.xml:12:22-70
uses-permission#android.permission.WAKE_LOCK
ADDED from [:rn-fetch-blob] AndroidManifest.xml:21:5-68
MERGED from [com.google.firebase:firebase-measurement-connector-impl:15.0.0] AndroidManifest.xml:24:5-68
MERGED from [com.google.firebase:firebase-measurement-connector-impl:15.0.0] AndroidManifest.xml:24:5-68
MERGED from [com.google.firebase:firebase-analytics:15.0.2] AndroidManifest.xml:25:5-68
MERGED from [com.google.firebase:firebase-analytics:15.0.2] AndroidManifest.xml:25:5-68
MERGED from [com.google.firebase:firebase-analytics-impl:15.0.2] AndroidManifest.xml:25:5-68
MERGED from [com.google.firebase:firebase-analytics-impl:15.0.2] AndroidManifest.xml:25:5-68
MERGED from [com.google.firebase:firebase-iid:15.1.0] AndroidManifest.xml:24:5-68
MERGED from [com.google.firebase:firebase-iid:15.1.0] AndroidManifest.xml:24:5-68
	android:name
		ADDED from [:rn-fetch-blob] AndroidManifest.xml:21:22-65
uses-permission#android.permission.ACCESS_WIFI_STATE
ADDED from [:rn-fetch-blob] AndroidManifest.xml:30:5-76
	android:name
		ADDED from [:rn-fetch-blob] AndroidManifest.xml:30:22-73
provider#android.support.v4.content.FileProvider
ADDED from [:rn-fetch-blob] AndroidManifest.xml:36:9-44:20
	android:grantUriPermissions
		ADDED from [:rn-fetch-blob] AndroidManifest.xml:40:13-47
	android:authorities
		ADDED from [:rn-fetch-blob] AndroidManifest.xml:38:13-60
	android:exported
		ADDED from [:rn-fetch-blob] AndroidManifest.xml:39:13-37
	android:name
		ADDED from [:rn-fetch-blob] AndroidManifest.xml:37:13-67
service#com.google.firebase.messaging.FirebaseMessagingService
ADDED from [com.google.firebase:firebase-messaging:15.0.2] AndroidManifest.xml:28:9-34:19
	android:exported
		ADDED from [com.google.firebase:firebase-messaging:15.0.2] AndroidManifest.xml:30:13-36
	android:name
		ADDED from [com.google.firebase:firebase-messaging:15.0.2] AndroidManifest.xml:29:13-82
uses-permission#com.sec.android.provider.badge.permission.READ
ADDED from [me.leolin:ShortcutBadger:1.1.17] AndroidManifest.xml:19:5-86
	android:name
		ADDED from [me.leolin:ShortcutBadger:1.1.17] AndroidManifest.xml:19:22-83
uses-permission#com.sec.android.provider.badge.permission.WRITE
ADDED from [me.leolin:ShortcutBadger:1.1.17] AndroidManifest.xml:20:5-87
	android:name
		ADDED from [me.leolin:ShortcutBadger:1.1.17] AndroidManifest.xml:20:22-84
uses-permission#com.htc.launcher.permission.READ_SETTINGS
ADDED from [me.leolin:ShortcutBadger:1.1.17] AndroidManifest.xml:23:5-81
	android:name
		ADDED from [me.leolin:ShortcutBadger:1.1.17] AndroidManifest.xml:23:22-78
uses-permission#com.htc.launcher.permission.UPDATE_SHORTCUT
ADDED from [me.leolin:ShortcutBadger:1.1.17] AndroidManifest.xml:24:5-83
	android:name
		ADDED from [me.leolin:ShortcutBadger:1.1.17] AndroidManifest.xml:24:22-80
uses-permission#com.sonyericsson.home.permission.BROADCAST_BADGE
ADDED from [me.leolin:ShortcutBadger:1.1.17] AndroidManifest.xml:27:5-88
	android:name
		ADDED from [me.leolin:ShortcutBadger:1.1.17] AndroidManifest.xml:27:22-85
uses-permission#com.sonymobile.home.permission.PROVIDER_INSERT_BADGE
ADDED from [me.leolin:ShortcutBadger:1.1.17] AndroidManifest.xml:28:5-92
	android:name
		ADDED from [me.leolin:ShortcutBadger:1.1.17] AndroidManifest.xml:28:22-89
uses-permission#com.anddoes.launcher.permission.UPDATE_COUNT
ADDED from [me.leolin:ShortcutBadger:1.1.17] AndroidManifest.xml:31:5-84
	android:name
		ADDED from [me.leolin:ShortcutBadger:1.1.17] AndroidManifest.xml:31:22-81
uses-permission#com.majeur.launcher.permission.UPDATE_BADGE
ADDED from [me.leolin:ShortcutBadger:1.1.17] AndroidManifest.xml:34:5-83
	android:name
		ADDED from [me.leolin:ShortcutBadger:1.1.17] AndroidManifest.xml:34:22-80
uses-permission#com.huawei.android.launcher.permission.CHANGE_BADGE
ADDED from [me.leolin:ShortcutBadger:1.1.17] AndroidManifest.xml:37:5-91
	android:name
		ADDED from [me.leolin:ShortcutBadger:1.1.17] AndroidManifest.xml:37:22-88
uses-permission#com.huawei.android.launcher.permission.READ_SETTINGS
ADDED from [me.leolin:ShortcutBadger:1.1.17] AndroidManifest.xml:38:5-92
	android:name
		ADDED from [me.leolin:ShortcutBadger:1.1.17] AndroidManifest.xml:38:22-89
uses-permission#com.huawei.android.launcher.permission.WRITE_SETTINGS
ADDED from [me.leolin:ShortcutBadger:1.1.17] AndroidManifest.xml:39:5-93
	android:name
		ADDED from [me.leolin:ShortcutBadger:1.1.17] AndroidManifest.xml:39:22-90
uses-permission#android.permission.READ_APP_BADGE
ADDED from [me.leolin:ShortcutBadger:1.1.17] AndroidManifest.xml:42:5-73
	android:name
		ADDED from [me.leolin:ShortcutBadger:1.1.17] AndroidManifest.xml:42:22-70
uses-permission#com.oppo.launcher.permission.READ_SETTINGS